# JRE version: Java(TM) SE Runtime Environment (8.0_201-b09) (build 1.8.0_201-b09)
# Java VM: Java HotSpot(TM) 64-Bit Server VM (25.201-b09 mixed mode windows-amd64 compressed oops)
Heap:
 PSYoungGen      total 315904K, used 255258K [0x00000000d5e00000, 0x00000000f2c00000, 0x0000000100000000)
  eden space 263168K, 96% used [0x00000000d5e00000,0x00000000e5746ac8,0x00000000e5f00000)
  from space 52736K, 0% used [0x00000000ef880000,0x00000000ef880000,0x00000000f2c00000)
  to   space 16896K, 0% used [0x00000000e5f00000,0x00000000e5f00000,0x00000000e6f80000)
 ParOldGen       total 484864K, used 483223K [0x0000000081a00000, 0x000000009f380000, 0x00000000d5e00000)
  object space 484864K, 99% used [0x0000000081a00000,0x000000009f1e5d30,0x000000009f380000)
 Metaspace       used 39661K, capacity 41737K, committed 42368K, reserved 1085440K
  class space    used 5264K, capacity 5650K, committed 5760K, reserved 1048576K
GC Heap History (10 events):
Event: 77.530 GC heap before
{Heap before GC invocations=63 (full 49):
 PSYoungGen      total 315904K, used 259281K [0x00000000d5e00000, 0x00000000f2c00000, 0x0000000100000000)
  eden space 263168K, 98% used [0x00000000d5e00000,0x00000000e5b34448,0x00000000e5f00000)
  from space 52736K, 0% used [0x00000000ef880000,0x00000000ef880000,0x00000000f2c00000)
  to   space 16896K, 0% used [0x00000000e5f00000,0x00000000e5f00000,0x00000000e6f80000)
 ParOldGen       total 484864K, used 484403K [0x0000000081a00000, 0x000000009f380000, 0x00000000d5e00000)
  object space 484864K, 99% used [0x0000000081a00000,0x000000009f30ce20,0x000000009f380000)
 Metaspace       used 39647K, capacity 41737K, committed 42368K, reserved 1085440K
  class space    used 5260K, capacity 5650K, committed 5760K, reserved 1048576K
Event: 77.599 GC heap after
Heap after GC invocations=63 (full 49):
 PSYoungGen      total 315904K, used 259269K [0x00000000d5e00000, 0x00000000f2c00000, 0x0000000100000000)
  eden space 263168K, 98% used [0x00000000d5e00000,0x00000000e5b31570,0x00000000e5f00000)
  from space 52736K, 0% used [0x00000000ef880000,0x00000000ef880000,0x00000000f2c00000)
  to   space 16896K, 0% used [0x00000000e5f00000,0x00000000e5f00000,0x00000000e6f80000)
 ParOldGen       total 484864K, used 484403K [0x0000000081a00000, 0x000000009f380000, 0x00000000d5e00000)
  object space 484864K, 99% used [0x0000000081a00000,0x000000009f30ce20,0x000000009f380000)
 Metaspace       used 39647K, capacity 41737K, committed 42368K, reserved 1085440K
  class space    used 5260K, capacity 5650K, committed 5760K, reserved 1048576K
}
Event: 77.610 GC heap before
{Heap before GC invocations=64 (full 50):
 PSYoungGen      total 315904K, used 263168K [0x00000000d5e00000, 0x00000000f2c00000, 0x0000000100000000)
  eden space 263168K, 100% used [0x00000000d5e00000,0x00000000e5f00000,0x00000000e5f00000)
  from space 52736K, 0% used [0x00000000ef880000,0x00000000ef880000,0x00000000f2c00000)
  to   space 16896K, 0% used [0x00000000e5f00000,0x00000000e5f00000,0x00000000e6f80000)
 ParOldGen       total 484864K, used 484405K [0x0000000081a00000, 0x000000009f380000, 0x00000000d5e00000)
  object space 484864K, 99% used [0x0000000081a00000,0x000000009f30d710,0x000000009f380000)
 Metaspace       used 39651K, capacity 41737K, committed 42368K, reserved 1085440K
  class space    used 5261K, capacity 5650K, committed 5760K, reserved 1048576K
Event: 77.684 GC heap after
Heap after GC invocations=64 (full 50):
 PSYoungGen      total 315904K, used 259348K [0x00000000d5e00000, 0x00000000f2c00000, 0x0000000100000000)
  eden space 263168K, 98% used [0x00000000d5e00000,0x00000000e5b45298,0x00000000e5f00000)
  from space 52736K, 0% used [0x00000000ef880000,0x00000000ef880000,0x00000000f2c00000)
  to   space 16896K, 0% used [0x00000000e5f00000,0x00000000e5f00000,0x00000000e6f80000)
 ParOldGen       total 484864K, used 484404K [0x0000000081a00000, 0x000000009f380000, 0x00000000d5e00000)
  object space 484864K, 99% used [0x0000000081a00000,0x000000009f30d068,0x000000009f380000)
 Metaspace       used 39651K, capacity 41737K, committed 42368K, reserved 1085440K
  class space    used 5261K, capacity 5650K, committed 5760K, reserved 1048576K
}
Event: 77.684 GC heap before
{Heap before GC invocations=65 (full 51):
 PSYoungGen      total 315904K, used 261127K [0x00000000d5e00000, 0x00000000f2c00000, 0x0000000100000000)
  eden space 263168K, 99% used [0x00000000d5e00000,0x00000000e5d01ea0,0x00000000e5f00000)
  from space 52736K, 0% used [0x00000000ef880000,0x00000000ef880000,0x00000000f2c00000)
  to   space 16896K, 0% used [0x00000000e5f00000,0x00000000e5f00000,0x00000000e6f80000)
 ParOldGen       total 484864K, used 484404K [0x0000000081a00000, 0x000000009f380000, 0x00000000d5e00000)
  object space 484864K, 99% used [0x0000000081a00000,0x000000009f30d068,0x000000009f380000)
 Metaspace       used 39651K, capacity 41737K, committed 42368K, reserved 1085440K
  class space    used 5261K, capacity 5650K, committed 5760K, reserved 1048576K
Event: 77.753 GC heap after
Heap after GC invocations=65 (full 51):
 PSYoungGen      total 315904K, used 260910K [0x00000000d5e00000, 0x00000000f2c00000, 0x0000000100000000)
  eden space 263168K, 99% used [0x00000000d5e00000,0x00000000e5ccb840,0x00000000e5f00000)
  from space 52736K, 0% used [0x00000000ef880000,0x00000000ef880000,0x00000000f2c00000)
  to   space 16896K, 0% used [0x00000000e5f00000,0x00000000e5f00000,0x00000000e6f80000)
 ParOldGen       total 484864K, used 484404K [0x0000000081a00000, 0x000000009f380000, 0x00000000d5e00000)
  object space 484864K, 99% used [0x0000000081a00000,0x000000009f30d068,0x000000009f380000)
 Metaspace       used 39651K, capacity 41737K, committed 42368K, reserved 1085440K
  class space    used 5261K, capacity 5650K, committed 5760K, reserved 1048576K
}
Event: 77.753 GC heap before
{Heap before GC invocations=66 (full 52):
 PSYoungGen      total 315904K, used 260910K [0x00000000d5e00000, 0x00000000f2c00000, 0x0000000100000000)
  eden space 263168K, 99% used [0x00000000d5e00000,0x00000000e5ccb840,0x00000000e5f00000)
  from space 52736K, 0% used [0x00000000ef880000,0x00000000ef880000,0x00000000f2c00000)
  to   space 16896K, 0% used [0x00000000e5f00000,0x00000000e5f00000,0x00000000e6f80000)
 ParOldGen       total 484864K, used 484404K [0x0000000081a00000, 0x000000009f380000, 0x00000000d5e00000)
  object space 484864K, 99% used [0x0000000081a00000,0x000000009f30d068,0x000000009f380000)
 Metaspace       used 39651K, capacity 41737K, committed 42368K, reserved 1085440K
  class space    used 5261K, capacity 5650K, committed 5760K, reserved 1048576K
Event: 77.815 GC heap after
Heap after GC invocations=66 (full 52):
 PSYoungGen      total 315904K, used 260866K [0x00000000d5e00000, 0x00000000f2c00000, 0x0000000100000000)
  eden space 263168K, 99% used [0x00000000d5e00000,0x00000000e5cc09a0,0x00000000e5f00000)
  from space 52736K, 0% used [0x00000000ef880000,0x00000000ef880000,0x00000000f2c00000)
  to   space 16896K, 0% used [0x00000000e5f00000,0x00000000e5f00000,0x00000000e6f80000)
 ParOldGen       total 484864K, used 484404K [0x0000000081a00000, 0x000000009f380000, 0x00000000d5e00000)
  object space 484864K, 99% used [0x0000000081a00000,0x000000009f30d068,0x000000009f380000)
 Metaspace       used 39651K, capacity 41737K, committed 42368K, reserved 1085440K
  class space    used 5261K, capacity 5650K, committed 5760K, reserved 1048576K
}
Event: 77.823 GC heap before
{Heap before GC invocations=67 (full 53):
 PSYoungGen      total 315904K, used 263062K [0x00000000d5e00000, 0x00000000f2c00000, 0x0000000100000000)
  eden space 263168K, 99% used [0x00000000d5e00000,0x00000000e5ee5a68,0x00000000e5f00000)
  from space 52736K, 0% used [0x00000000ef880000,0x00000000ef880000,0x00000000f2c00000)
  to   space 16896K, 0% used [0x00000000e5f00000,0x00000000e5f00000,0x00000000e6f80000)
 ParOldGen       total 484864K, used 484404K [0x0000000081a00000, 0x000000009f380000, 0x00000000d5e00000)
  object space 484864K, 99% used [0x0000000081a00000,0x000000009f30d068,0x000000009f380000)
 Metaspace       used 39658K, capacity 41737K, committed 42368K, reserved 1085440K
  class space    used 5263K, capacity 5650K, committed 5760K, reserved 1048576K
Event: 77.961 GC heap after
Heap after GC invocations=67 (full 53):
 PSYoungGen      total 315904K, used 251985K [0x00000000d5e00000, 0x00000000f2c00000, 0x0000000100000000)
  eden space 263168K, 95% used [0x00000000d5e00000,0x00000000e54144b0,0x00000000e5f00000)
  from space 52736K, 0% used [0x00000000ef880000,0x00000000ef880000,0x00000000f2c00000)
  to   space 16896K, 0% used [0x00000000e5f00000,0x00000000e5f00000,0x00000000e6f80000)
 ParOldGen       total 484864K, used 483223K [0x0000000081a00000, 0x000000009f380000, 0x00000000d5e00000)
  object space 484864K, 99% used [0x0000000081a00000,0x000000009f1e5d30,0x000000009f380000)
 Metaspace       used 39658K, capacity 41737K, committed 42368K, reserved 1085440K
  class space    used 5263K, capacity 5650K, committed 5760K, reserved 1048576K
}

